Determining if the pthread_create exist failed with the following output:
Change Dir: /mnt/c/Users/pch68/2021_ite4065_2018008395/project1/build/release/CMakeFiles/CMakeTmp

Run Build Command:"/usr/bin/make" "cmTC_99f5d/fast"
/usr/bin/make -f CMakeFiles/cmTC_99f5d.dir/build.make CMakeFiles/cmTC_99f5d.dir/build
make[1]: Entering directory '/mnt/c/Users/pch68/2021_ite4065_2018008395/project1/build/release/CMakeFiles/CMakeTmp'
Building C object CMakeFiles/cmTC_99f5d.dir/CheckSymbolExists.c.o
/usr/bin/cc    -o CMakeFiles/cmTC_99f5d.dir/CheckSymbolExists.c.o   -c /mnt/c/Users/pch68/2021_ite4065_2018008395/project1/build/release/CMakeFiles/CMakeTmp/CheckSymbolExists.c
Linking C executable cmTC_99f5d
/usr/bin/cmake -E cmake_link_script CMakeFiles/cmTC_99f5d.dir/link.txt --verbose=1
/usr/bin/cc      -rdynamic CMakeFiles/cmTC_99f5d.dir/CheckSymbolExists.c.o  -o cmTC_99f5d 
CMakeFiles/cmTC_99f5d.dir/CheckSymbolExists.c.o: In function `main':
CheckSymbolExists.c:(.text+0x1b): undefined reference to `pthread_create'
collect2: error: ld returned 1 exit status
CMakeFiles/cmTC_99f5d.dir/build.make:97: recipe for target 'cmTC_99f5d' failed
make[1]: *** [cmTC_99f5d] Error 1
make[1]: Leaving directory '/mnt/c/Users/pch68/2021_ite4065_2018008395/project1/build/release/CMakeFiles/CMakeTmp'
Makefile:126: recipe for target 'cmTC_99f5d/fast' failed
make: *** [cmTC_99f5d/fast] Error 2

File /mnt/c/Users/pch68/2021_ite4065_2018008395/project1/build/release/CMakeFiles/CMakeTmp/CheckSymbolExists.c:
/* */
#include <pthread.h>

int main(int argc, char** argv)
{
  (void)argv;
#ifndef pthread_create
  return ((int*)(&pthread_create))[argc];
#else
  (void)argc;
  return 0;
#endif
}

Determining if the function pthread_create exists in the pthreads failed with the following output:
Change Dir: /mnt/c/Users/pch68/2021_ite4065_2018008395/project1/build/release/CMakeFiles/CMakeTmp

Run Build Command:"/usr/bin/make" "cmTC_641cb/fast"
/usr/bin/make -f CMakeFiles/cmTC_641cb.dir/build.make CMakeFiles/cmTC_641cb.dir/build
make[1]: Entering directory '/mnt/c/Users/pch68/2021_ite4065_2018008395/project1/build/release/CMakeFiles/CMakeTmp'
Building C object CMakeFiles/cmTC_641cb.dir/CheckFunctionExists.c.o
/usr/bin/cc   -DCHECK_FUNCTION_EXISTS=pthread_create   -o CMakeFiles/cmTC_641cb.dir/CheckFunctionExists.c.o   -c /usr/share/cmake-3.10/Modules/CheckFunctionExists.c
Linking C executable cmTC_641cb
/usr/bin/cmake -E cmake_link_script CMakeFiles/cmTC_641cb.dir/link.txt --verbose=1
/usr/bin/cc  -DCHECK_FUNCTION_EXISTS=pthread_create    -rdynamic CMakeFiles/cmTC_641cb.dir/CheckFunctionExists.c.o  -o cmTC_641cb -lpthreads 
/usr/bin/ld: cannot find -lpthreads
collect2: error: ld returned 1 exit status
CMakeFiles/cmTC_641cb.dir/build.make:97: recipe for target 'cmTC_641cb' failed
make[1]: *** [cmTC_641cb] Error 1
make[1]: Leaving directory '/mnt/c/Users/pch68/2021_ite4065_2018008395/project1/build/release/CMakeFiles/CMakeTmp'
Makefile:126: recipe for target 'cmTC_641cb/fast' failed
make: *** [cmTC_641cb/fast] Error 2


